#
# There is insufficient memory for the Java Runtime Environment to continue.
# Native memory allocation (mmap) failed to map 62914560 bytes for G1 virtual space
# Possible reasons:
#   The system is out of physical RAM or swap space
#   The process is running with CompressedOops enabled, and the Java Heap may be blocking the growth of the native heap
# Possible solutions:
#   Reduce memory load on the system
#   Increase physical memory or swap space
#   Check if swap backing store is full
#   Decrease Java heap size (-Xmx/-Xms)
#   Decrease number of Java threads
#   Decrease Java thread stack sizes (-Xss)
#   Set larger code cache with -XX:ReservedCodeCacheSize=
#   JVM is running with Unscaled Compressed Oops mode in which the Java heap is
#     placed in the first 4GB address space. The Java Heap base address is the
#     maximum limit for the native heap growth. Please use -XX:HeapBaseMinAddress
#     to set the Java Heap base and to place the Java Heap above 4GB virtual address.
# This output file may be truncated or incomplete.
#
#  Out of Memory Error (os_windows.cpp:3530), pid=7936, tid=21540
#
# JRE version:  (18.0.2.1+1) (build )
# Java VM: Java HotSpot(TM) 64-Bit Server VM (18.0.2.1+1-1, mixed mode, sharing, tiered, compressed oops, compressed class ptrs, g1 gc, windows-amd64)
# No core dump will be written. Minidumps are not enabled by default on client versions of Windows
#

---------------  S U M M A R Y ------------

Command Line: -javaagent:C:\Program Files\JetBrains\IntelliJ IDEA Community Edition 2022.2.1\lib\idea_rt.jar=61033:C:\Program Files\JetBrains\IntelliJ IDEA Community Edition 2022.2.1\bin -Dfile.encoding=UTF-8 -Dsun.stdout.encoding=UTF-8 -Dsun.stderr.encoding=UTF-8 com.employee.Main

Host: 11th Gen Intel(R) Core(TM) i5-1135G7 @ 2.40GHz, 8 cores, 3G,  Windows 11 , 64 bit Build 22000 (10.0.22000.2538)
Time: Tue Dec  5 14:00:08 2023 India Standard Time elapsed time: 0.030396 seconds (0d 0h 0m 0s)

---------------  T H R E A D  ---------------

Current thread (0x0000021fb1d70fc0):  JavaThread "Unknown thread" [_thread_in_vm, id=21540, stack(0x0000003986d00000,0x0000003986e00000)]

Stack: [0x0000003986d00000,0x0000003986e00000]
Native frames: (J=compiled Java code, j=interpreted, Vv=VM code, C=native code)
V  [jvm.dll+0x6993aa]
V  [jvm.dll+0x7f46dd]
V  [jvm.dll+0x7f5fee]
V  [jvm.dll+0x7f66a3]
V  [jvm.dll+0x25cf1f]
V  [jvm.dll+0x6962f9]
V  [jvm.dll+0x68ae2a]
V  [jvm.dll+0x32255b]
V  [jvm.dll+0x329f36]
V  [jvm.dll+0x37eade]
V  [jvm.dll+0x37ed0f]
V  [jvm.dll+0x2fa2da]
V  [jvm.dll+0x2fb33d]
V  [jvm.dll+0x7c3310]
V  [jvm.dll+0x38be61]
V  [jvm.dll+0x7a2023]
V  [jvm.dll+0x40dc3f]
V  [jvm.dll+0x40f611]
C  [jli.dll+0x526b]
C  [ucrtbase.dll+0x26c0c]
C  [KERNEL32.DLL+0x153e0]
C  [ntdll.dll+0x485b]


---------------  P R O C E S S  ---------------

Threads class SMR info:
_java_thread_list=0x00007ffe2d8ee550, length=0, elements={
}

Java Threads: ( => current thread )

Other Threads:
  0x0000021fb1db1070 WorkerThread "GC Thread#0" [stack: 0x0000003986e00000,0x0000003986f00000] [id=10344]
  0x0000021fb1db9720 ConcurrentGCThread "G1 Main Marker" [stack: 0x0000003986f00000,0x0000003987000000] [id=820]
  0x0000021fb1dba110 WorkerThread "G1 Conc#0" [stack: 0x0000003987000000,0x0000003987100000] [id=14400]

[error occurred during error reporting (printing all threads), id 0xc0000005, EXCEPTION_ACCESS_VIOLATION (0xc0000005) at pc=0x00007ffe2d11a877]

VM state: not at safepoint (not fully initialized)

VM Mutex/Monitor currently owned by a thread:  ([mutex/lock_event])
[0x0000021fb1d6d090] Heap_lock - owner thread: 0x0000021fb1d70fc0

Heap address: 0x00000000c4400000, size: 956 MB, Compressed Oops mode: 32-bit

CDS archive(s) mapped at: [0x0000000000000000-0x0000000000000000-0x0000000000000000), size 0, SharedBaseAddress: 0x0000000800000000, ArchiveRelocationMode: 0.
Narrow klass base: 0x0000000000000000, Narrow klass shift: 0, Narrow klass range: 0x0

GC Precious Log:
 CardTable entry size: 512
 Card Set container configuration: InlinePtr #cards 5 size 8 Array Of Cards #cards 12 size 40 Howl #buckets 4 coarsen threshold 1843 Howl Bitmap #cards 512 size 80 coarsen threshold 460 Card regions per heap region 1 cards per card region 2048

Heap:
 garbage-first heap   total 0K, used 0K [0x00000000c4400000, 0x0000000100000000)
  region size 1024K, 0 young (0K), 0 survivors (0K)

[error occurred during error reporting (printing heap information), id 0xc0000005, EXCEPTION_ACCESS_VIOLATION (0xc0000005) at pc=0x00007ffe2d501839]

GC Heap History (0 events):
No events

Deoptimization events (0 events):
No events

Classes loaded (0 events):
No events

Classes unloaded (0 events):
No events

Classes redefined (0 events):
No events

Internal exceptions (0 events):
No events

VM Operations (0 events):
No events

Events (1 events):
Event: 0.023 Loaded shared library C:\Program Files\Java\jdk-18.0.2.1\bin\java.dll


Dynamic libraries:
0x00007ff759410000 - 0x00007ff759420000 	C:\Program Files\Java\jdk-18.0.2.1\bin\java.exe
0x00007ffe81400000 - 0x00007ffe81609000 	C:\WINDOWS\SYSTEM32\ntdll.dll
0x00007ffe801b0000 - 0x00007ffe8026d000 	C:\WINDOWS\System32\KERNEL32.DLL
0x00007ffe7e9b0000 - 0x00007ffe7ed34000 	C:\WINDOWS\System32\KERNELBASE.dll
0x00007ffe7e890000 - 0x00007ffe7e9a1000 	C:\WINDOWS\System32\ucrtbase.dll
0x00007ffe7b6a0000 - 0x00007ffe7b6b8000 	C:\Program Files\Java\jdk-18.0.2.1\bin\jli.dll
0x00007ffe80710000 - 0x00007ffe807be000 	C:\WINDOWS\System32\ADVAPI32.dll
0x00007ffe80100000 - 0x00007ffe801a3000 	C:\WINDOWS\System32\msvcrt.dll
0x00007ffe74660000 - 0x00007ffe7467a000 	C:\Program Files\Java\jdk-18.0.2.1\bin\VCRUNTIME140.dll
0x00007ffe805d0000 - 0x00007ffe8066e000 	C:\WINDOWS\System32\sechost.dll
0x00007ffe808b0000 - 0x00007ffe809d1000 	C:\WINDOWS\System32\RPCRT4.dll
0x00007ffe80420000 - 0x00007ffe805cd000 	C:\WINDOWS\System32\USER32.dll
0x00007ffe7ed40000 - 0x00007ffe7ed66000 	C:\WINDOWS\System32\win32u.dll
0x00007ffe6a600000 - 0x00007ffe6a8a5000 	C:\WINDOWS\WinSxS\amd64_microsoft.windows.common-controls_6595b64144ccf1df_6.0.22000.120_none_9d947278b86cc467\COMCTL32.dll
0x00007ffe7f5d0000 - 0x00007ffe7f5fa000 	C:\WINDOWS\System32\GDI32.dll
0x00007ffe7eee0000 - 0x00007ffe7effe000 	C:\WINDOWS\System32\gdi32full.dll
0x00007ffe7f0c0000 - 0x00007ffe7f15d000 	C:\WINDOWS\System32\msvcp_win.dll
0x00007ffe72f50000 - 0x00007ffe72f5a000 	C:\WINDOWS\SYSTEM32\VERSION.dll
0x00007ffe802f0000 - 0x00007ffe80321000 	C:\WINDOWS\System32\IMM32.DLL
0x00007ffe7b2a0000 - 0x00007ffe7b2ac000 	C:\Program Files\Java\jdk-18.0.2.1\bin\vcruntime140_1.dll
0x00007ffe5fda0000 - 0x00007ffe5fe2d000 	C:\Program Files\Java\jdk-18.0.2.1\bin\msvcp140.dll
0x00007ffe2ce10000 - 0x00007ffe2da21000 	C:\Program Files\Java\jdk-18.0.2.1\bin\server\jvm.dll
0x00007ffe7f660000 - 0x00007ffe7f668000 	C:\WINDOWS\System32\PSAPI.DLL
0x00007ffe73e10000 - 0x00007ffe73e43000 	C:\WINDOWS\SYSTEM32\WINMM.dll
0x00007ffe7b290000 - 0x00007ffe7b299000 	C:\WINDOWS\SYSTEM32\WSOCK32.dll
0x00007ffe80270000 - 0x00007ffe802df000 	C:\WINDOWS\System32\WS2_32.dll
0x00007ffe7d9f0000 - 0x00007ffe7da08000 	C:\WINDOWS\SYSTEM32\kernel.appcore.dll
0x00007ffe78ed0000 - 0x00007ffe78eda000 	C:\Program Files\Java\jdk-18.0.2.1\bin\jimage.dll
0x00007ffe7c140000 - 0x00007ffe7c361000 	C:\WINDOWS\SYSTEM32\DBGHELP.DLL
0x00007ffe69e30000 - 0x00007ffe69e61000 	C:\WINDOWS\SYSTEM32\dbgcore.DLL
0x00007ffe7f160000 - 0x00007ffe7f1df000 	C:\WINDOWS\System32\bcryptPrimitives.dll
0x00007ffe718d0000 - 0x00007ffe718de000 	C:\Program Files\Java\jdk-18.0.2.1\bin\instrument.dll
0x00007ffe62d00000 - 0x00007ffe62d25000 	C:\Program Files\Java\jdk-18.0.2.1\bin\java.dll

dbghelp: loaded successfully - version: 4.0.5 - missing functions: none
symbol engine: initialized successfully - sym options: 0x614 - pdb path: .;C:\Program Files\Java\jdk-18.0.2.1\bin;C:\WINDOWS\SYSTEM32;C:\WINDOWS\WinSxS\amd64_microsoft.windows.common-controls_6595b64144ccf1df_6.0.22000.120_none_9d947278b86cc467;C:\Program Files\Java\jdk-18.0.2.1\bin\server

VM Arguments:
jvm_args: -javaagent:C:\Program Files\JetBrains\IntelliJ IDEA Community Edition 2022.2.1\lib\idea_rt.jar=61033:C:\Program Files\JetBrains\IntelliJ IDEA Community Edition 2022.2.1\bin -Dfile.encoding=UTF-8 -Dsun.stdout.encoding=UTF-8 -Dsun.stderr.encoding=UTF-8 
java_command: com.employee.Main
java_class_path (initial): C:\Users\Shagufta\IdeaProject\Employee\out\production\Employee;C:\Users\Shagufta\OneDrive\Desktop\mysql-connector-j-8.2.0.jar
Launcher Type: SUN_STANDARD

[Global flags]
     intx CICompilerCount                          = 4                                         {product} {ergonomic}
     uint ConcGCThreads                            = 2                                         {product} {ergonomic}
     uint G1ConcRefinementThreads                  = 8                                         {product} {ergonomic}
   size_t G1HeapRegionSize                         = 1048576                                   {product} {ergonomic}
    uintx GCDrainStackTargetSize                   = 64                                        {product} {ergonomic}
   size_t InitialHeapSize                          = 62914560                                  {product} {ergonomic}
   size_t MarkStackSize                            = 4194304                                   {product} {ergonomic}
   size_t MaxHeapSize                              = 1002438656                                {product} {ergonomic}
   size_t MinHeapDeltaBytes                        = 1048576                                   {product} {ergonomic}
   size_t MinHeapSize                              = 8388608                                   {product} {ergonomic}
    uintx NonNMethodCodeHeapSize                   = 5839372                                {pd product} {ergonomic}
    uintx NonProfiledCodeHeapSize                  = 122909434                              {pd product} {ergonomic}
    uintx ProfiledCodeHeapSize                     = 122909434                              {pd product} {ergonomic}
    uintx ReservedCodeCacheSize                    = 251658240                              {pd product} {ergonomic}
     bool SegmentedCodeCache                       = true                                      {product} {ergonomic}
   size_t SoftMaxHeapSize                          = 1002438656                             {manageable} {ergonomic}
     bool UseCompressedClassPointers               = true                           {product lp64_product} {ergonomic}
     bool UseCompressedOops                        = true                           {product lp64_product} {ergonomic}
     bool UseG1GC                                  = true                                      {product} {ergonomic}
     bool UseLargePagesIndividualAllocation        = false                                  {pd product} {ergonomic}

Logging:
Log output configuration:
 #0: stdout all=warning uptime,level,tags foldmultilines=false
 #1: stderr all=off uptime,level,tags foldmultilines=false

Environment Variables:
PATH=C:\Program Files\Common Files\Oracle\Java\javapath;C:\WINDOWS\system32;C:\WINDOWS;C:\WINDOWS\System32\Wbem;C:\WINDOWS\System32\WindowsPowerShell\v1.0\;C:\WINDOWS\System32\OpenSSH\;C:\Program Files\Microsoft VS Code\bin;C:\Program Files\dotnet\;C:\Program Files\Java\jdk-18.0.2.1\bin;C:\Program Files\MySQL\MySQL Server 8.0\bin;C:\Users\Shagufta\AppData\Local\Microsoft\WindowsApps;C:\Users\Shagufta\AppData\Local\Programs\Git\cmd;C:\Users\Shagufta\AppData\Local\Programs\Git\mingw64\bin;C:\Users\Shagufta\AppData\Local\Programs\Git\usr\bin
USERNAME=Shagufta
OS=Windows_NT
PROCESSOR_IDENTIFIER=Intel64 Family 6 Model 140 Stepping 1, GenuineIntel



---------------  S Y S T E M  ---------------

OS:
 Windows 11 , 64 bit Build 22000 (10.0.22000.2538)
OS uptime: 0 days 22:17 hours

CPU: total 8 (initial active 8) (4 cores per cpu, 2 threads per core) family 6 model 140 stepping 1 microcode 0xac, cx8, cmov, fxsr, ht, mmx, 3dnowpref, sse, sse2, sse3, ssse3, sse4.1, sse4.2, popcnt, lzcnt, tsc, tscinvbit, avx, avx2, aes, erms, clmul, bmi1, bmi2, adx, avx512f, avx512dq, avx512cd, avx512bw, avx512vl, sha, fma, vzeroupper, avx512_vpopcntdq, avx512_vpclmulqdq, avx512_vaes, avx512_vnni, clflush, clflushopt, clwb, avx512_vbmi2, avx512_vbmi

Memory: 4k page, system-wide physical 3818M (45M free)
TotalPageFile size 15594M (AvailPageFile size 45M)
current process WorkingSet (physical memory assigned to process): 10M, peak: 10M
current process commit charge ("private bytes"): 60M, peak: 119M

vm_info: Java HotSpot(TM) 64-Bit Server VM (18.0.2.1+1-1) for windows-amd64 JRE (18.0.2.1+1-1), built on Aug 16 2022 01:46:33 by "mach5one" with MS VC++ 16.8 / 16.9 (VS2019)

END.
